# JRE version: Java(TM) SE Runtime Environment (8.0_202-b08) (build 1.8.0_202-b08)
# Java VM: Java HotSpot(TM) 64-Bit Server VM (25.202-b08 mixed mode windows-amd64 compressed oops)
Heap:
 PSYoungGen      total 190976K, used 131798K [0x000000076c300000, 0x000000077b100000, 0x00000007c0000000)
  eden space 177664K, 74% used [0x000000076c300000,0x00000007743b5818,0x0000000777080000)
  from space 13312K, 0% used [0x0000000777080000,0x0000000777080000,0x0000000777d80000)
  to   space 16384K, 0% used [0x000000077a100000,0x000000077a100000,0x000000077b100000)
 ParOldGen       total 263168K, used 30293K [0x00000006c4800000, 0x00000006d4900000, 0x000000076c300000)
  object space 263168K, 11% used [0x00000006c4800000,0x00000006c6595508,0x00000006d4900000)
 Metaspace       used 58175K, capacity 61912K, committed 62040K, reserved 1103872K
  class space    used 7578K, capacity 8260K, committed 8320K, reserved 1048576K
GC Heap History (10 events):
Event: 3.877 GC heap before
{Heap before GC invocations=8 (full 2):
 PSYoungGen      total 143872K, used 10239K [0x000000076c300000, 0x0000000778a00000, 0x00000007c0000000)
  eden space 133632K, 0% used [0x000000076c300000,0x000000076c300000,0x0000000774580000)
  from space 10240K, 99% used [0x0000000775100000,0x0000000775affc50,0x0000000775b00000)
  to   space 11776K, 0% used [0x0000000774580000,0x0000000774580000,0x0000000775100000)
 ParOldGen       total 107520K, used 8832K [0x00000006c4800000, 0x00000006cb100000, 0x000000076c300000)
  object space 107520K, 8% used [0x00000006c4800000,0x00000006c50a0128,0x00000006cb100000)
 Metaspace       used 33218K, capacity 35390K, committed 35456K, reserved 1079296K
  class space    used 4284K, capacity 4687K, committed 4736K, reserved 1048576K
Event: 3.915 GC heap after
Heap after GC invocations=8 (full 2):
 PSYoungGen      total 143872K, used 0K [0x000000076c300000, 0x0000000778a00000, 0x00000007c0000000)
  eden space 133632K, 0% used [0x000000076c300000,0x000000076c300000,0x0000000774580000)
  from space 10240K, 0% used [0x0000000775100000,0x0000000775100000,0x0000000775b00000)
  to   space 11776K, 0% used [0x0000000774580000,0x0000000774580000,0x0000000775100000)
 ParOldGen       total 179200K, used 16821K [0x00000006c4800000, 0x00000006cf700000, 0x000000076c300000)
  object space 179200K, 9% used [0x00000006c4800000,0x00000006c586d6a0,0x00000006cf700000)
 Metaspace       used 33218K, capacity 35390K, committed 35456K, reserved 1079296K
  class space    used 4284K, capacity 4687K, committed 4736K, reserved 1048576K
}
Event: 5.165 GC heap before
{Heap before GC invocations=9 (full 2):
 PSYoungGen      total 143872K, used 133632K [0x000000076c300000, 0x0000000778a00000, 0x00000007c0000000)
  eden space 133632K, 100% used [0x000000076c300000,0x0000000774580000,0x0000000774580000)
  from space 10240K, 0% used [0x0000000775100000,0x0000000775100000,0x0000000775b00000)
  to   space 11776K, 0% used [0x0000000774580000,0x0000000774580000,0x0000000775100000)
 ParOldGen       total 179200K, used 16821K [0x00000006c4800000, 0x00000006cf700000, 0x000000076c300000)
  object space 179200K, 9% used [0x00000006c4800000,0x00000006c586d6a0,0x00000006cf700000)
 Metaspace       used 42200K, capacity 44898K, committed 44928K, reserved 1087488K
  class space    used 5523K, capacity 5997K, committed 6016K, reserved 1048576K
Event: 5.170 GC heap after
Heap after GC invocations=9 (full 2):
 PSYoungGen      total 145408K, used 8806K [0x000000076c300000, 0x0000000778a80000, 0x00000007c0000000)
  eden space 133632K, 0% used [0x000000076c300000,0x000000076c300000,0x0000000774580000)
  from space 11776K, 74% used [0x0000000774580000,0x0000000774e19848,0x0000000775100000)
  to   space 11776K, 0% used [0x0000000777f00000,0x0000000777f00000,0x0000000778a80000)
 ParOldGen       total 179200K, used 16893K [0x00000006c4800000, 0x00000006cf700000, 0x000000076c300000)
  object space 179200K, 9% used [0x00000006c4800000,0x00000006c587f6b0,0x00000006cf700000)
 Metaspace       used 42200K, capacity 44898K, committed 44928K, reserved 1087488K
  class space    used 5523K, capacity 5997K, committed 6016K, reserved 1048576K
}
Event: 8.442 GC heap before
{Heap before GC invocations=10 (full 2):
 PSYoungGen      total 145408K, used 142438K [0x000000076c300000, 0x0000000778a80000, 0x00000007c0000000)
  eden space 133632K, 100% used [0x000000076c300000,0x0000000774580000,0x0000000774580000)
  from space 11776K, 74% used [0x0000000774580000,0x0000000774e19848,0x0000000775100000)
  to   space 11776K, 0% used [0x0000000777f00000,0x0000000777f00000,0x0000000778a80000)
 ParOldGen       total 179200K, used 16893K [0x00000006c4800000, 0x00000006cf700000, 0x000000076c300000)
  object space 179200K, 9% used [0x00000006c4800000,0x00000006c587f6b0,0x00000006cf700000)
 Metaspace       used 49810K, capacity 52628K, committed 52992K, reserved 1095680K
  class space    used 6546K, capacity 7088K, committed 7168K, reserved 1048576K
Event: 8.455 GC heap after
Heap after GC invocations=10 (full 2):
 PSYoungGen      total 187904K, used 11753K [0x000000076c300000, 0x0000000778a80000, 0x00000007c0000000)
  eden space 176128K, 0% used [0x000000076c300000,0x000000076c300000,0x0000000776f00000)
  from space 11776K, 99% used [0x0000000777f00000,0x0000000778a7a480,0x0000000778a80000)
  to   space 13312K, 0% used [0x0000000777080000,0x0000000777080000,0x0000000777d80000)
 ParOldGen       total 179200K, used 18236K [0x00000006c4800000, 0x00000006cf700000, 0x000000076c300000)
  object space 179200K, 10% used [0x00000006c4800000,0x00000006c59cf310,0x00000006cf700000)
 Metaspace       used 49810K, capacity 52628K, committed 52992K, reserved 1095680K
  class space    used 6546K, capacity 7088K, committed 7168K, reserved 1048576K
}
Event: 10.089 GC heap before
{Heap before GC invocations=11 (full 2):
 PSYoungGen      total 187904K, used 180068K [0x000000076c300000, 0x0000000778a80000, 0x00000007c0000000)
  eden space 176128K, 95% used [0x000000076c300000,0x000000077675ee68,0x0000000776f00000)
  from space 11776K, 99% used [0x0000000777f00000,0x0000000778a7a480,0x0000000778a80000)
  to   space 13312K, 0% used [0x0000000777080000,0x0000000777080000,0x0000000777d80000)
 ParOldGen       total 179200K, used 18236K [0x00000006c4800000, 0x00000006cf700000, 0x000000076c300000)
  object space 179200K, 10% used [0x00000006c4800000,0x00000006c59cf310,0x00000006cf700000)
 Metaspace       used 55744K, capacity 58982K, committed 59096K, reserved 1099776K
  class space    used 7227K, capacity 7855K, committed 7936K, reserved 1048576K
Event: 10.103 GC heap after
Heap after GC invocations=11 (full 2):
 PSYoungGen      total 190976K, used 13295K [0x000000076c300000, 0x000000077b100000, 0x00000007c0000000)
  eden space 177664K, 0% used [0x000000076c300000,0x000000076c300000,0x0000000777080000)
  from space 13312K, 99% used [0x0000000777080000,0x0000000777d7bc70,0x0000000777d80000)
  to   space 16384K, 0% used [0x000000077a100000,0x000000077a100000,0x000000077b100000)
 ParOldGen       total 179200K, used 23752K [0x00000006c4800000, 0x00000006cf700000, 0x000000076c300000)
  object space 179200K, 13% used [0x00000006c4800000,0x00000006c5f32100,0x00000006cf700000)
 Metaspace       used 55744K, capacity 58982K, committed 59096K, reserved 1099776K
  class space    used 7227K, capacity 7855K, committed 7936K, reserved 1048576K
}
Event: 10.103 GC heap before
{Heap before GC invocations=12 (full 3):
 PSYoungGen      total 190976K, used 13295K [0x000000076c300000, 0x000000077b100000, 0x00000007c0000000)
  eden space 177664K, 0% used [0x000000076c300000,0x000000076c300000,0x0000000777080000)
  from space 13312K, 99% used [0x0000000777080000,0x0000000777d7bc70,0x0000000777d80000)
  to   space 16384K, 0% used [0x000000077a100000,0x000000077a100000,0x000000077b100000)
 ParOldGen       total 179200K, used 23752K [0x00000006c4800000, 0x00000006cf700000, 0x000000076c300000)
  object space 179200K, 13% used [0x00000006c4800000,0x00000006c5f32100,0x00000006cf700000)
 Metaspace       used 55744K, capacity 58982K, committed 59096K, reserved 1099776K
  class space    used 7227K, capacity 7855K, committed 7936K, reserved 1048576K
Event: 10.243 GC heap after
Heap after GC invocations=12 (full 3):
 PSYoungGen      total 190976K, used 0K [0x000000076c300000, 0x000000077b100000, 0x00000007c0000000)
  eden space 177664K, 0% used [0x000000076c300000,0x000000076c300000,0x0000000777080000)
  from space 13312K, 0% used [0x0000000777080000,0x0000000777080000,0x0000000777d80000)
  to   space 16384K, 0% used [0x000000077a100000,0x000000077a100000,0x000000077b100000)
 ParOldGen       total 263168K, used 30293K [0x00000006c4800000, 0x00000006d4900000, 0x000000076c300000)
  object space 263168K, 11% used [0x00000006c4800000,0x00000006c6595508,0x00000006d4900000)
 Metaspace       used 55744K, capacity 58982K, committed 59096K, reserved 1099776K
  class space    used 7227K, capacity 7855K, committed 7936K, reserved 1048576K
}

