# JRE version: OpenJDK Runtime Environment Corretto-11.0.25.9.1 (11.0.25+9) (build 11.0.25+9-LTS)
# Java VM: OpenJDK 64-Bit Server VM Corretto-11.0.25.9.1 (11.0.25+9-LTS, mixed mode, tiered, compressed oops, g1 gc, windows-amd64)
Heap:
 garbage-first heap   total 258048K, used 87565K [0x0000000704800000, 0x0000000800000000)
  region size 1024K, 78 young (79872K), 8 survivors (8192K)
 Metaspace       used 41569K, capacity 42758K, committed 43008K, reserved 1087488K
  class space    used 4837K, capacity 5315K, committed 5376K, reserved 1048576K
GC Heap History (10 events):
Event: 1.605 GC heap before
{Heap before GC invocations=0 (full 0):
 garbage-first heap   total 258048K, used 24576K [0x0000000704800000, 0x0000000800000000)
  region size 1024K, 24 young (24576K), 0 survivors (0K)
 Metaspace       used 10975K, capacity 11277K, committed 11392K, reserved 1058816K
  class space    used 1018K, capacity 1104K, committed 1152K, reserved 1048576K
}
Event: 1.619 GC heap after
{Heap after GC invocations=1 (full 0):
 garbage-first heap   total 258048K, used 9718K [0x0000000704800000, 0x0000000800000000)
  region size 1024K, 3 young (3072K), 3 survivors (3072K)
 Metaspace       used 10975K, capacity 11277K, committed 11392K, reserved 1058816K
  class space    used 1018K, capacity 1104K, committed 1152K, reserved 1048576K
}
Event: 2.853 GC heap before
{Heap before GC invocations=1 (full 0):
 garbage-first heap   total 258048K, used 33270K [0x0000000704800000, 0x0000000800000000)
  region size 1024K, 27 young (27648K), 3 survivors (3072K)
 Metaspace       used 15738K, capacity 16344K, committed 16512K, reserved 1064960K
  class space    used 1624K, capacity 1845K, committed 1920K, reserved 1048576K
}
Event: 2.860 GC heap after
{Heap after GC invocations=2 (full 0):
 garbage-first heap   total 258048K, used 10649K [0x0000000704800000, 0x0000000800000000)
  region size 1024K, 1 young (1024K), 1 survivors (1024K)
 Metaspace       used 15738K, capacity 16344K, committed 16512K, reserved 1064960K
  class space    used 1624K, capacity 1845K, committed 1920K, reserved 1048576K
}
Event: 4.113 GC heap before
{Heap before GC invocations=2 (full 0):
 garbage-first heap   total 258048K, used 45465K [0x0000000704800000, 0x0000000800000000)
  region size 1024K, 36 young (36864K), 1 survivors (1024K)
 Metaspace       used 20455K, capacity 21155K, committed 21248K, reserved 1069056K
  class space    used 2203K, capacity 2470K, committed 2560K, reserved 1048576K
}
Event: 4.119 GC heap after
{Heap after GC invocations=3 (full 0):
 garbage-first heap   total 258048K, used 11743K [0x0000000704800000, 0x0000000800000000)
  region size 1024K, 3 young (3072K), 3 survivors (3072K)
 Metaspace       used 20455K, capacity 21155K, committed 21248K, reserved 1069056K
  class space    used 2203K, capacity 2470K, committed 2560K, reserved 1048576K
}
Event: 5.727 GC heap before
{Heap before GC invocations=4 (full 0):
 garbage-first heap   total 258048K, used 70111K [0x0000000704800000, 0x0000000800000000)
  region size 1024K, 60 young (61440K), 3 survivors (3072K)
 Metaspace       used 29375K, capacity 30313K, committed 30464K, reserved 1075200K
  class space    used 3389K, capacity 3787K, committed 3840K, reserved 1048576K
}
Event: 5.735 GC heap after
{Heap after GC invocations=5 (full 0):
 garbage-first heap   total 258048K, used 13892K [0x0000000704800000, 0x0000000800000000)
  region size 1024K, 5 young (5120K), 5 survivors (5120K)
 Metaspace       used 29375K, capacity 30313K, committed 30464K, reserved 1075200K
  class space    used 3389K, capacity 3787K, committed 3840K, reserved 1048576K
}
Event: 8.655 GC heap before
{Heap before GC invocations=5 (full 0):
 garbage-first heap   total 258048K, used 106052K [0x0000000704800000, 0x0000000800000000)
  region size 1024K, 96 young (98304K), 5 survivors (5120K)
 Metaspace       used 34686K, capacity 35708K, committed 35840K, reserved 1081344K
  class space    used 3977K, capacity 4391K, committed 4480K, reserved 1048576K
}
Event: 8.673 GC heap after
{Heap after GC invocations=6 (full 0):
 garbage-first heap   total 258048K, used 16909K [0x0000000704800000, 0x0000000800000000)
  region size 1024K, 8 young (8192K), 8 survivors (8192K)
 Metaspace       used 34686K, capacity 35708K, committed 35840K, reserved 1081344K
  class space    used 3977K, capacity 4391K, committed 4480K, reserved 1048576K
}

