# JRE version: OpenJDK Runtime Environment Corretto-11.0.25.9.1 (11.0.25+9) (build 11.0.25+9-LTS)
# Java VM: OpenJDK 64-Bit Server VM Corretto-11.0.25.9.1 (11.0.25+9-LTS, mixed mode, tiered, compressed oops, g1 gc, windows-amd64)
Heap:
 garbage-first heap   total 258048K, used 24652K [0x0000000704800000, 0x0000000800000000)
  region size 1024K, 16 young (16384K), 4 survivors (4096K)
 Metaspace       used 29822K, capacity 30805K, committed 31104K, reserved 1081344K
  class space    used 3443K, capacity 3848K, committed 3968K, reserved 1048576K
GC Heap History (8 events):
Event: 2.544 GC heap before
{Heap before GC invocations=0 (full 0):
 garbage-first heap   total 258048K, used 24576K [0x0000000704800000, 0x0000000800000000)
  region size 1024K, 24 young (24576K), 0 survivors (0K)
 Metaspace       used 10997K, capacity 11271K, committed 11392K, reserved 1058816K
  class space    used 1017K, capacity 1102K, committed 1152K, reserved 1048576K
}
Event: 2.559 GC heap after
{Heap after GC invocations=1 (full 0):
 garbage-first heap   total 258048K, used 9303K [0x0000000704800000, 0x0000000800000000)
  region size 1024K, 3 young (3072K), 3 survivors (3072K)
 Metaspace       used 10997K, capacity 11271K, committed 11392K, reserved 1058816K
  class space    used 1017K, capacity 1102K, committed 1152K, reserved 1048576K
}
Event: 5.040 GC heap before
{Heap before GC invocations=1 (full 0):
 garbage-first heap   total 258048K, used 48215K [0x0000000704800000, 0x0000000800000000)
  region size 1024K, 42 young (43008K), 3 survivors (3072K)
 Metaspace       used 17381K, capacity 18029K, committed 18176K, reserved 1064960K
  class space    used 1814K, capacity 2045K, committed 2048K, reserved 1048576K
}
Event: 5.047 GC heap after
{Heap after GC invocations=2 (full 0):
 garbage-first heap   total 258048K, used 11170K [0x0000000704800000, 0x0000000800000000)
  region size 1024K, 5 young (5120K), 5 survivors (5120K)
 Metaspace       used 17381K, capacity 18029K, committed 18176K, reserved 1064960K
  class space    used 1814K, capacity 2045K, committed 2048K, reserved 1048576K
}
Event: 5.884 GC heap before
{Heap before GC invocations=2 (full 0):
 garbage-first heap   total 258048K, used 30626K [0x0000000704800000, 0x0000000800000000)
  region size 1024K, 25 young (25600K), 5 survivors (5120K)
 Metaspace       used 20450K, capacity 21154K, committed 21248K, reserved 1069056K
  class space    used 2202K, capacity 2470K, committed 2560K, reserved 1048576K
}
Event: 5.892 GC heap after
{Heap after GC invocations=3 (full 0):
 garbage-first heap   total 258048K, used 11516K [0x0000000704800000, 0x0000000800000000)
  region size 1024K, 3 young (3072K), 3 survivors (3072K)
 Metaspace       used 20450K, capacity 21154K, committed 21248K, reserved 1069056K
  class space    used 2202K, capacity 2470K, committed 2560K, reserved 1048576K
}
Event: 7.673 GC heap before
{Heap before GC invocations=4 (full 0):
 garbage-first heap   total 258048K, used 63740K [0x0000000704800000, 0x0000000800000000)
  region size 1024K, 55 young (56320K), 3 survivors (3072K)
 Metaspace       used 28837K, capacity 29758K, committed 29824K, reserved 1081344K
  class space    used 3299K, capacity 3690K, committed 3712K, reserved 1048576K
}
Event: 7.681 GC heap after
{Heap after GC invocations=5 (full 0):
 garbage-first heap   total 258048K, used 13388K [0x0000000704800000, 0x0000000800000000)
  region size 1024K, 4 young (4096K), 4 survivors (4096K)
 Metaspace       used 28837K, capacity 29758K, committed 29824K, reserved 1081344K
  class space    used 3299K, capacity 3690K, committed 3712K, reserved 1048576K
}

