# JRE version: OpenJDK Runtime Environment Corretto-11.0.25.9.1 (11.0.25+9) (build 11.0.25+9-LTS)
# Java VM: OpenJDK 64-Bit Server VM Corretto-11.0.25.9.1 (11.0.25+9-LTS, mixed mode, tiered, compressed oops, g1 gc, windows-amd64)
Heap:
 garbage-first heap   total 310272K, used 17177K [0x0000000704800000, 0x0000000800000000)
  region size 1024K, 8 young (8192K), 8 survivors (8192K)
 Metaspace       used 34746K, capacity 35807K, committed 35920K, reserved 1081344K
  class space    used 3987K, capacity 4423K, committed 4480K, reserved 1048576K
GC Heap History (9 events):
Event: 0.724 GC heap before
{Heap before GC invocations=0 (full 0):
 garbage-first heap   total 258048K, used 24576K [0x0000000704800000, 0x0000000800000000)
  region size 1024K, 24 young (24576K), 0 survivors (0K)
 Metaspace       used 10943K, capacity 11262K, committed 11392K, reserved 1058816K
  class space    used 1013K, capacity 1099K, committed 1152K, reserved 1048576K
}
Event: 0.731 GC heap after
{Heap after GC invocations=1 (full 0):
 garbage-first heap   total 258048K, used 9743K [0x0000000704800000, 0x0000000800000000)
  region size 1024K, 3 young (3072K), 3 survivors (3072K)
 Metaspace       used 10943K, capacity 11262K, committed 11392K, reserved 1058816K
  class space    used 1013K, capacity 1099K, committed 1152K, reserved 1048576K
}
Event: 1.795 GC heap before
{Heap before GC invocations=1 (full 0):
 garbage-first heap   total 258048K, used 58895K [0x0000000704800000, 0x0000000800000000)
  region size 1024K, 51 young (52224K), 3 survivors (3072K)
 Metaspace       used 19208K, capacity 19877K, committed 19968K, reserved 1067008K
  class space    used 2029K, capacity 2277K, committed 2304K, reserved 1048576K
}
Event: 1.810 GC heap after
{Heap after GC invocations=2 (full 0):
 garbage-first heap   total 258048K, used 11217K [0x0000000704800000, 0x0000000800000000)
  region size 1024K, 5 young (5120K), 5 survivors (5120K)
 Metaspace       used 19208K, capacity 19877K, committed 19968K, reserved 1067008K
  class space    used 2029K, capacity 2277K, committed 2304K, reserved 1048576K
}
Event: 2.012 GC heap before
{Heap before GC invocations=2 (full 0):
 garbage-first heap   total 258048K, used 21457K [0x0000000704800000, 0x0000000800000000)
  region size 1024K, 16 young (16384K), 5 survivors (5120K)
 Metaspace       used 20461K, capacity 21170K, committed 21296K, reserved 1069056K
  class space    used 2206K, capacity 2474K, committed 2560K, reserved 1048576K
}
Event: 2.020 GC heap after
{Heap after GC invocations=3 (full 0):
 garbage-first heap   total 258048K, used 11822K [0x0000000704800000, 0x0000000800000000)
  region size 1024K, 3 young (3072K), 3 survivors (3072K)
 Metaspace       used 20461K, capacity 21170K, committed 21296K, reserved 1069056K
  class space    used 2206K, capacity 2474K, committed 2560K, reserved 1048576K
}
Event: 3.204 GC heap before
{Heap before GC invocations=4 (full 0):
 garbage-first heap   total 258048K, used 76334K [0x0000000704800000, 0x0000000800000000)
  region size 1024K, 66 young (67584K), 3 survivors (3072K)
 Metaspace       used 29842K, capacity 30824K, committed 31104K, reserved 1077248K
  class space    used 3445K, capacity 3853K, committed 3968K, reserved 1048576K
}
Event: 3.211 GC heap after
{Heap after GC invocations=5 (full 0):
 garbage-first heap   total 258048K, used 14018K [0x0000000704800000, 0x0000000800000000)
  region size 1024K, 5 young (5120K), 5 survivors (5120K)
 Metaspace       used 29842K, capacity 30824K, committed 31104K, reserved 1077248K
  class space    used 3445K, capacity 3853K, committed 3968K, reserved 1048576K
}
Event: 4.606 GC heap before
{Heap before GC invocations=5 (full 0):
 garbage-first heap   total 258048K, used 100034K [0x0000000704800000, 0x0000000800000000)
  region size 1024K, 90 young (92160K), 5 survivors (5120K)
 Metaspace       used 34746K, capacity 35807K, committed 35920K, reserved 1081344K
  class space    used 3987K, capacity 4423K, committed 4480K, reserved 1048576K
}

