# JRE version: OpenJDK Runtime Environment Corretto-11.0.25.9.1 (11.0.25+9) (build 11.0.25+9-LTS)
# Java VM: OpenJDK 64-Bit Server VM Corretto-11.0.25.9.1 (11.0.25+9-LTS, mixed mode, tiered, compressed oops, g1 gc, windows-amd64)
Heap:
 garbage-first heap   total 310272K, used 35642K [0x0000000704800000, 0x0000000800000000)
  region size 1024K, 15 young (15360K), 15 survivors (15360K)
 Metaspace       used 62918K, capacity 64739K, committed 64776K, reserved 1105920K
  class space    used 7568K, capacity 8287K, committed 8320K, reserved 1048576K
GC Heap History (13 events):
Event: 0.602 GC heap before
{Heap before GC invocations=0 (full 0):
 garbage-first heap   total 258048K, used 24576K [0x0000000704800000, 0x0000000800000000)
  region size 1024K, 24 young (24576K), 0 survivors (0K)
 Metaspace       used 11021K, capacity 11363K, committed 11648K, reserved 1060864K
  class space    used 1028K, capacity 1112K, committed 1152K, reserved 1048576K
}
Event: 0.608 GC heap after
{Heap after GC invocations=1 (full 0):
 garbage-first heap   total 258048K, used 9065K [0x0000000704800000, 0x0000000800000000)
  region size 1024K, 3 young (3072K), 3 survivors (3072K)
 Metaspace       used 11021K, capacity 11363K, committed 11648K, reserved 1060864K
  class space    used 1028K, capacity 1112K, committed 1152K, reserved 1048576K
}
Event: 0.997 GC heap before
{Heap before GC invocations=1 (full 0):
 garbage-first heap   total 258048K, used 31593K [0x0000000704800000, 0x0000000800000000)
  region size 1024K, 25 young (25600K), 3 survivors (3072K)
 Metaspace       used 15569K, capacity 16164K, committed 16512K, reserved 1064960K
  class space    used 1603K, capacity 1806K, committed 1920K, reserved 1048576K
}
Event: 1.000 GC heap after
{Heap after GC invocations=2 (full 0):
 garbage-first heap   total 258048K, used 10175K [0x0000000704800000, 0x0000000800000000)
  region size 1024K, 2 young (2048K), 2 survivors (2048K)
 Metaspace       used 15569K, capacity 16164K, committed 16512K, reserved 1064960K
  class space    used 1603K, capacity 1806K, committed 1920K, reserved 1048576K
}
Event: 1.532 GC heap before
{Heap before GC invocations=2 (full 0):
 garbage-first heap   total 258048K, used 47039K [0x0000000704800000, 0x0000000800000000)
  region size 1024K, 39 young (39936K), 2 survivors (2048K)
 Metaspace       used 20539K, capacity 21207K, committed 21296K, reserved 1069056K
  class space    used 2224K, capacity 2490K, committed 2560K, reserved 1048576K
}
Event: 1.536 GC heap after
{Heap after GC invocations=3 (full 0):
 garbage-first heap   total 258048K, used 11255K [0x0000000704800000, 0x0000000800000000)
  region size 1024K, 3 young (3072K), 3 survivors (3072K)
 Metaspace       used 20539K, capacity 21207K, committed 21296K, reserved 1069056K
  class space    used 2224K, capacity 2490K, committed 2560K, reserved 1048576K
}
Event: 3.639 GC heap before
{Heap before GC invocations=4 (full 0):
 garbage-first heap   total 258048K, used 157687K [0x0000000704800000, 0x0000000800000000)
  region size 1024K, 147 young (150528K), 3 survivors (3072K)
 Metaspace       used 34797K, capacity 35823K, committed 35920K, reserved 1081344K
  class space    used 3972K, capacity 4408K, committed 4480K, reserved 1048576K
}
Event: 3.659 GC heap after
{Heap after GC invocations=5 (full 0):
 garbage-first heap   total 258048K, used 16273K [0x0000000704800000, 0x0000000800000000)
  region size 1024K, 7 young (7168K), 7 survivors (7168K)
 Metaspace       used 34797K, capacity 35823K, committed 35920K, reserved 1081344K
  class space    used 3972K, capacity 4408K, committed 4480K, reserved 1048576K
}
Event: 8.513 GC heap before
{Heap before GC invocations=6 (full 0):
 garbage-first heap   total 258048K, used 163729K [0x0000000704800000, 0x0000000800000000)
  region size 1024K, 151 young (154624K), 7 survivors (7168K)
 Metaspace       used 48605K, capacity 50017K, committed 50128K, reserved 1093632K
  class space    used 5746K, capacity 6332K, committed 6400K, reserved 1048576K
}
Event: 8.523 GC heap after
{Heap after GC invocations=7 (full 0):
 garbage-first heap   total 258048K, used 21314K [0x0000000704800000, 0x0000000800000000)
  region size 1024K, 12 young (12288K), 12 survivors (12288K)
 Metaspace       used 48605K, capacity 50017K, committed 50128K, reserved 1093632K
  class space    used 5746K, capacity 6332K, committed 6400K, reserved 1048576K
}
Event: 12.398 GC heap before
{Heap before GC invocations=7 (full 0):
 garbage-first heap   total 258048K, used 108354K [0x0000000704800000, 0x0000000800000000)
  region size 1024K, 98 young (100352K), 12 survivors (12288K)
 Metaspace       used 58650K, capacity 60176K, committed 60296K, reserved 1101824K
  class space    used 7035K, capacity 7671K, committed 7680K, reserved 1048576K
}
Event: 12.441 GC heap after
{Heap after GC invocations=8 (full 0):
 garbage-first heap   total 258048K, used 27795K [0x0000000704800000, 0x0000000800000000)
  region size 1024K, 12 young (12288K), 12 survivors (12288K)
 Metaspace       used 58650K, capacity 60176K, committed 60296K, reserved 1101824K
  class space    used 7035K, capacity 7671K, committed 7680K, reserved 1048576K
}
Event: 15.225 GC heap before
{Heap before GC invocations=9 (full 0):
 garbage-first heap   total 258048K, used 170131K [0x0000000704800000, 0x0000000800000000)
  region size 1024K, 151 young (154624K), 12 survivors (12288K)
 Metaspace       used 62918K, capacity 64739K, committed 64776K, reserved 1105920K
  class space    used 7568K, capacity 8287K, committed 8320K, reserved 1048576K
}

