# JRE version: OpenJDK Runtime Environment Corretto-11.0.25.9.1 (11.0.25+9) (build 11.0.25+9-LTS)
# Java VM: OpenJDK 64-Bit Server VM Corretto-11.0.25.9.1 (11.0.25+9-LTS, mixed mode, tiered, compressed oops, g1 gc, windows-amd64)
Heap:
 garbage-first heap   total 310272K, used 154352K [0x0000000704800000, 0x0000000800000000)
  region size 1024K, 132 young (135168K), 17 survivors (17408K)
 Metaspace       used 72250K, capacity 74257K, committed 74496K, reserved 1114112K
  class space    used 8619K, capacity 9445K, committed 9472K, reserved 1048576K
GC Heap History (16 events):
Event: 0.598 GC heap before
{Heap before GC invocations=0 (full 0):
 garbage-first heap   total 258048K, used 24576K [0x0000000704800000, 0x0000000800000000)
  region size 1024K, 24 young (24576K), 0 survivors (0K)
 Metaspace       used 10980K, capacity 11280K, committed 11392K, reserved 1058816K
  class space    used 1019K, capacity 1105K, committed 1152K, reserved 1048576K
}
Event: 0.604 GC heap after
{Heap after GC invocations=1 (full 0):
 garbage-first heap   total 258048K, used 9368K [0x0000000704800000, 0x0000000800000000)
  region size 1024K, 3 young (3072K), 3 survivors (3072K)
 Metaspace       used 10980K, capacity 11280K, committed 11392K, reserved 1058816K
  class space    used 1019K, capacity 1105K, committed 1152K, reserved 1048576K
}
Event: 0.979 GC heap before
{Heap before GC invocations=1 (full 0):
 garbage-first heap   total 258048K, used 26776K [0x0000000704800000, 0x0000000800000000)
  region size 1024K, 20 young (20480K), 3 survivors (3072K)
 Metaspace       used 15001K, capacity 15528K, committed 15616K, reserved 1062912K
  class space    used 1540K, capacity 1720K, committed 1792K, reserved 1048576K
}
Event: 0.983 GC heap after
{Heap after GC invocations=2 (full 0):
 garbage-first heap   total 258048K, used 10221K [0x0000000704800000, 0x0000000800000000)
  region size 1024K, 1 young (1024K), 1 survivors (1024K)
 Metaspace       used 15001K, capacity 15528K, committed 15616K, reserved 1062912K
  class space    used 1540K, capacity 1720K, committed 1792K, reserved 1048576K
}
Event: 1.741 GC heap before
{Heap before GC invocations=2 (full 0):
 garbage-first heap   total 258048K, used 52205K [0x0000000704800000, 0x0000000800000000)
  region size 1024K, 43 young (44032K), 1 survivors (1024K)
 Metaspace       used 20456K, capacity 21101K, committed 21248K, reserved 1069056K
  class space    used 2209K, capacity 2474K, committed 2560K, reserved 1048576K
}
Event: 1.746 GC heap after
{Heap after GC invocations=3 (full 0):
 garbage-first heap   total 258048K, used 11367K [0x0000000704800000, 0x0000000800000000)
  region size 1024K, 3 young (3072K), 3 survivors (3072K)
 Metaspace       used 20456K, capacity 21101K, committed 21248K, reserved 1069056K
  class space    used 2209K, capacity 2474K, committed 2560K, reserved 1048576K
}
Event: 3.139 GC heap before
{Heap before GC invocations=4 (full 0):
 garbage-first heap   total 258048K, used 73831K [0x0000000704800000, 0x0000000800000000)
  region size 1024K, 64 young (65536K), 3 survivors (3072K)
 Metaspace       used 29782K, capacity 30740K, committed 31104K, reserved 1077248K
  class space    used 3437K, capacity 3848K, committed 3968K, reserved 1048576K
}
Event: 3.146 GC heap after
{Heap after GC invocations=5 (full 0):
 garbage-first heap   total 258048K, used 13775K [0x0000000704800000, 0x0000000800000000)
  region size 1024K, 5 young (5120K), 5 survivors (5120K)
 Metaspace       used 29782K, capacity 30740K, committed 31104K, reserved 1077248K
  class space    used 3437K, capacity 3848K, committed 3968K, reserved 1048576K
}
Event: 5.232 GC heap before
{Heap before GC invocations=5 (full 0):
 garbage-first heap   total 258048K, used 100815K [0x0000000704800000, 0x0000000800000000)
  region size 1024K, 91 young (93184K), 5 survivors (5120K)
 Metaspace       used 34702K, capacity 35706K, committed 35840K, reserved 1081344K
  class space    used 3979K, capacity 4391K, committed 4480K, reserved 1048576K
}
Event: 5.248 GC heap after
{Heap after GC invocations=6 (full 0):
 garbage-first heap   total 258048K, used 16699K [0x0000000704800000, 0x0000000800000000)
  region size 1024K, 8 young (8192K), 8 survivors (8192K)
 Metaspace       used 34702K, capacity 35706K, committed 35840K, reserved 1081344K
  class space    used 3979K, capacity 4391K, committed 4480K, reserved 1048576K
}
Event: 8.478 GC heap before
{Heap before GC invocations=7 (full 0):
 garbage-first heap   total 258048K, used 163131K [0x0000000704800000, 0x0000000800000000)
  region size 1024K, 151 young (154624K), 8 survivors (8192K)
 Metaspace       used 48819K, capacity 50291K, committed 50432K, reserved 1093632K
  class space    used 5800K, capacity 6380K, committed 6400K, reserved 1048576K
}
Event: 8.492 GC heap after
{Heap after GC invocations=8 (full 0):
 garbage-first heap   total 310272K, used 21784K [0x0000000704800000, 0x0000000800000000)
  region size 1024K, 13 young (13312K), 13 survivors (13312K)
 Metaspace       used 48819K, capacity 50291K, committed 50432K, reserved 1093632K
  class space    used 5800K, capacity 6380K, committed 6400K, reserved 1048576K
}
Event: 11.981 GC heap before
{Heap before GC invocations=8 (full 0):
 garbage-first heap   total 310272K, used 126232K [0x0000000704800000, 0x0000000800000000)
  region size 1024K, 116 young (118784K), 13 survivors (13312K)
 Metaspace       used 58490K, capacity 60077K, committed 60160K, reserved 1101824K
  class space    used 7028K, capacity 7656K, committed 7680K, reserved 1048576K
}
Event: 12.001 GC heap after
{Heap after GC invocations=9 (full 0):
 garbage-first heap   total 310272K, used 28291K [0x0000000704800000, 0x0000000800000000)
  region size 1024K, 18 young (18432K), 18 survivors (18432K)
 Metaspace       used 58490K, capacity 60077K, committed 60160K, reserved 1101824K
  class space    used 7028K, capacity 7656K, committed 7680K, reserved 1048576K
}
Event: 13.185 GC heap before
{Heap before GC invocations=10 (full 0):
 garbage-first heap   total 310272K, used 195203K [0x0000000704800000, 0x0000000800000000)
  region size 1024K, 181 young (185344K), 18 survivors (18432K)
 Metaspace       used 65568K, capacity 67468K, committed 67584K, reserved 1107968K
  class space    used 7848K, capacity 8598K, committed 8704K, reserved 1048576K
}
Event: 13.201 GC heap after
{Heap after GC invocations=11 (full 0):
 garbage-first heap   total 310272K, used 37616K [0x0000000704800000, 0x0000000800000000)
  region size 1024K, 17 young (17408K), 17 survivors (17408K)
 Metaspace       used 65568K, capacity 67468K, committed 67584K, reserved 1107968K
  class space    used 7848K, capacity 8598K, committed 8704K, reserved 1048576K
}

