# JRE version: OpenJDK Runtime Environment Corretto-11.0.25.9.1 (11.0.25+9) (build 11.0.25+9-LTS)
# Java VM: OpenJDK 64-Bit Server VM Corretto-11.0.25.9.1 (11.0.25+9-LTS, mixed mode, tiered, compressed oops, g1 gc, windows-amd64)
Heap:
 garbage-first heap   total 258048K, used 172974K [0x0000000704800000, 0x0000000800000000)
  region size 1024K, 106 young (108544K), 16 survivors (16384K)
 Metaspace       used 46037K, capacity 47330K, committed 47440K, reserved 1091584K
  class space    used 4707K, capacity 5107K, committed 5200K, reserved 1048576K
GC Heap History (20 events):
Event: 4.504 GC heap before
{Heap before GC invocations=3 (full 0):
 garbage-first heap   total 258048K, used 78278K [0x0000000704800000, 0x0000000800000000)
  region size 1024K, 77 young (78848K), 7 survivors (7168K)
 Metaspace       used 24287K, capacity 24862K, committed 25088K, reserved 1071104K
  class space    used 2598K, capacity 2760K, committed 2816K, reserved 1048576K
}
Event: 4.516 GC heap after
{Heap after GC invocations=4 (full 0):
 garbage-first heap   total 258048K, used 13116K [0x0000000704800000, 0x0000000800000000)
  region size 1024K, 10 young (10240K), 10 survivors (10240K)
 Metaspace       used 24287K, capacity 24862K, committed 25088K, reserved 1071104K
  class space    used 2598K, capacity 2760K, committed 2816K, reserved 1048576K
}
Event: 9.361 GC heap before
{Heap before GC invocations=4 (full 0):
 garbage-first heap   total 258048K, used 158524K [0x0000000704800000, 0x0000000800000000)
  region size 1024K, 151 young (154624K), 10 survivors (10240K)
 Metaspace       used 34686K, capacity 35465K, committed 35712K, reserved 1081344K
  class space    used 3661K, capacity 3933K, committed 3968K, reserved 1048576K
}
Event: 9.376 GC heap after
{Heap after GC invocations=5 (full 0):
 garbage-first heap   total 258048K, used 27777K [0x0000000704800000, 0x0000000800000000)
  region size 1024K, 19 young (19456K), 19 survivors (19456K)
 Metaspace       used 34686K, capacity 35465K, committed 35712K, reserved 1081344K
  class space    used 3661K, capacity 3933K, committed 3968K, reserved 1048576K
}
Event: 9.429 GC heap before
{Heap before GC invocations=5 (full 0):
 garbage-first heap   total 258048K, used 28801K [0x0000000704800000, 0x0000000800000000)
  region size 1024K, 20 young (20480K), 19 survivors (19456K)
 Metaspace       used 34694K, capacity 35529K, committed 35712K, reserved 1081344K
  class space    used 3661K, capacity 3933K, committed 3968K, reserved 1048576K
}
Event: 9.440 GC heap after
{Heap after GC invocations=6 (full 0):
 garbage-first heap   total 258048K, used 29919K [0x0000000704800000, 0x0000000800000000)
  region size 1024K, 2 young (2048K), 2 survivors (2048K)
 Metaspace       used 34694K, capacity 35529K, committed 35712K, reserved 1081344K
  class space    used 3661K, capacity 3933K, committed 3968K, reserved 1048576K
}
Event: 10.635 GC heap before
{Heap before GC invocations=6 (full 0):
 garbage-first heap   total 258048K, used 67807K [0x0000000704800000, 0x0000000800000000)
  region size 1024K, 40 young (40960K), 2 survivors (2048K)
 Metaspace       used 35127K, capacity 35928K, committed 36048K, reserved 1081344K
  class space    used 3697K, capacity 3979K, committed 4048K, reserved 1048576K
}
Event: 10.641 GC heap after
{Heap after GC invocations=7 (full 0):
 garbage-first heap   total 258048K, used 39936K [0x0000000704800000, 0x0000000800000000)
  region size 1024K, 9 young (9216K), 9 survivors (9216K)
 Metaspace       used 35127K, capacity 35928K, committed 36048K, reserved 1081344K
  class space    used 3697K, capacity 3979K, committed 4048K, reserved 1048576K
}
Event: 12.216 GC heap before
{Heap before GC invocations=8 (full 0):
 garbage-first heap   total 258048K, used 123904K [0x0000000704800000, 0x0000000800000000)
  region size 1024K, 92 young (94208K), 9 survivors (9216K)
 Metaspace       used 37645K, capacity 38549K, committed 38608K, reserved 1083392K
  class space    used 3932K, capacity 4246K, committed 4304K, reserved 1048576K
}
Event: 12.228 GC heap after
{Heap after GC invocations=9 (full 0):
 garbage-first heap   total 258048K, used 51343K [0x0000000704800000, 0x0000000800000000)
  region size 1024K, 11 young (11264K), 11 survivors (11264K)
 Metaspace       used 37645K, capacity 38549K, committed 38608K, reserved 1083392K
  class space    used 3932K, capacity 4246K, committed 4304K, reserved 1048576K
}
Event: 12.770 GC heap before
{Heap before GC invocations=9 (full 0):
 garbage-first heap   total 258048K, used 143503K [0x0000000704800000, 0x0000000800000000)
  region size 1024K, 101 young (103424K), 11 survivors (11264K)
 Metaspace       used 38405K, capacity 39364K, committed 39504K, reserved 1085440K
  class space    used 3998K, capacity 4311K, committed 4432K, reserved 1048576K
}
Event: 12.780 GC heap after
{Heap after GC invocations=10 (full 0):
 garbage-first heap   total 258048K, used 53823K [0x0000000704800000, 0x0000000800000000)
  region size 1024K, 3 young (3072K), 3 survivors (3072K)
 Metaspace       used 38405K, capacity 39364K, committed 39504K, reserved 1085440K
  class space    used 3998K, capacity 4311K, committed 4432K, reserved 1048576K
}
Event: 12.985 GC heap before
{Heap before GC invocations=10 (full 0):
 garbage-first heap   total 258048K, used 152127K [0x0000000704800000, 0x0000000800000000)
  region size 1024K, 99 young (101376K), 3 survivors (3072K)
 Metaspace       used 38594K, capacity 39526K, committed 39760K, reserved 1085440K
  class space    used 4001K, capacity 4313K, committed 4432K, reserved 1048576K
}
Event: 12.990 GC heap after
{Heap after GC invocations=11 (full 0):
 garbage-first heap   total 258048K, used 55158K [0x0000000704800000, 0x0000000800000000)
  region size 1024K, 4 young (4096K), 4 survivors (4096K)
 Metaspace       used 38594K, capacity 39526K, committed 39760K, reserved 1085440K
  class space    used 4001K, capacity 4313K, committed 4432K, reserved 1048576K
}
Event: 13.397 GC heap before
{Heap before GC invocations=11 (full 0):
 garbage-first heap   total 258048K, used 160630K [0x0000000704800000, 0x0000000800000000)
  region size 1024K, 107 young (109568K), 4 survivors (4096K)
 Metaspace       used 38721K, capacity 39671K, committed 40016K, reserved 1085440K
  class space    used 4003K, capacity 4315K, committed 4432K, reserved 1048576K
}
Event: 13.403 GC heap after
{Heap after GC invocations=12 (full 0):
 garbage-first heap   total 258048K, used 57020K [0x0000000704800000, 0x0000000800000000)
  region size 1024K, 6 young (6144K), 6 survivors (6144K)
 Metaspace       used 38721K, capacity 39671K, committed 40016K, reserved 1085440K
  class space    used 4003K, capacity 4315K, committed 4432K, reserved 1048576K
}
Event: 14.381 GC heap before
{Heap before GC invocations=12 (full 0):
 garbage-first heap   total 258048K, used 168636K [0x0000000704800000, 0x0000000800000000)
  region size 1024K, 115 young (117760K), 6 survivors (6144K)
 Metaspace       used 40691K, capacity 41721K, committed 41936K, reserved 1087488K
  class space    used 4181K, capacity 4545K, committed 4560K, reserved 1048576K
}
Event: 14.391 GC heap after
{Heap after GC invocations=13 (full 0):
 garbage-first heap   total 258048K, used 59003K [0x0000000704800000, 0x0000000800000000)
  region size 1024K, 8 young (8192K), 8 survivors (8192K)
 Metaspace       used 40691K, capacity 41721K, committed 41936K, reserved 1087488K
  class space    used 4181K, capacity 4545K, committed 4560K, reserved 1048576K
}
Event: 16.247 GC heap before
{Heap before GC invocations=13 (full 0):
 garbage-first heap   total 258048K, used 175739K [0x0000000704800000, 0x0000000800000000)
  region size 1024K, 121 young (123904K), 8 survivors (8192K)
 Metaspace       used 41289K, capacity 42459K, committed 42832K, reserved 1087488K
  class space    used 4214K, capacity 4570K, committed 4688K, reserved 1048576K
}
Event: 16.266 GC heap after
{Heap after GC invocations=14 (full 0):
 garbage-first heap   total 258048K, used 82862K [0x0000000704800000, 0x0000000800000000)
  region size 1024K, 16 young (16384K), 16 survivors (16384K)
 Metaspace       used 41289K, capacity 42459K, committed 42832K, reserved 1087488K
  class space    used 4214K, capacity 4570K, committed 4688K, reserved 1048576K
}

