# JRE version: OpenJDK Runtime Environment Corretto-11.0.25.9.1 (11.0.25+9) (build 11.0.25+9-LTS)
# Java VM: OpenJDK 64-Bit Server VM Corretto-11.0.25.9.1 (11.0.25+9-LTS, mixed mode, tiered, compressed oops, g1 gc, windows-amd64)
Heap:
 garbage-first heap   total 310272K, used 116221K [0x0000000704800000, 0x0000000800000000)
  region size 1024K, 106 young (108544K), 8 survivors (8192K)
 Metaspace       used 43884K, capacity 45256K, committed 45520K, reserved 1089536K
  class space    used 5223K, capacity 5793K, committed 5888K, reserved 1048576K
GC Heap History (12 events):
Event: 0.561 GC heap before
{Heap before GC invocations=0 (full 0):
 garbage-first heap   total 258048K, used 24576K [0x0000000704800000, 0x0000000800000000)
  region size 1024K, 24 young (24576K), 0 survivors (0K)
 Metaspace       used 10974K, capacity 11265K, committed 11392K, reserved 1058816K
  class space    used 1016K, capacity 1100K, committed 1152K, reserved 1048576K
}
Event: 0.567 GC heap after
{Heap after GC invocations=1 (full 0):
 garbage-first heap   total 258048K, used 9884K [0x0000000704800000, 0x0000000800000000)
  region size 1024K, 3 young (3072K), 3 survivors (3072K)
 Metaspace       used 10974K, capacity 11265K, committed 11392K, reserved 1058816K
  class space    used 1016K, capacity 1100K, committed 1152K, reserved 1048576K
}
Event: 1.333 GC heap before
{Heap before GC invocations=1 (full 0):
 garbage-first heap   total 258048K, used 63132K [0x0000000704800000, 0x0000000800000000)
  region size 1024K, 55 young (56320K), 3 survivors (3072K)
 Metaspace       used 19744K, capacity 20419K, committed 20608K, reserved 1067008K
  class space    used 2104K, capacity 2332K, committed 2432K, reserved 1048576K
}
Event: 1.338 GC heap after
{Heap after GC invocations=2 (full 0):
 garbage-first heap   total 258048K, used 11845K [0x0000000704800000, 0x0000000800000000)
  region size 1024K, 5 young (5120K), 5 survivors (5120K)
 Metaspace       used 19744K, capacity 20419K, committed 20608K, reserved 1067008K
  class space    used 2104K, capacity 2332K, committed 2432K, reserved 1048576K
}
Event: 1.422 GC heap before
{Heap before GC invocations=2 (full 0):
 garbage-first heap   total 258048K, used 15941K [0x0000000704800000, 0x0000000800000000)
  region size 1024K, 10 young (10240K), 5 survivors (5120K)
 Metaspace       used 20480K, capacity 21198K, committed 21296K, reserved 1069056K
  class space    used 2214K, capacity 2487K, committed 2560K, reserved 1048576K
}
Event: 1.427 GC heap after
{Heap after GC invocations=3 (full 0):
 garbage-first heap   total 258048K, used 11866K [0x0000000704800000, 0x0000000800000000)
  region size 1024K, 5 young (5120K), 5 survivors (5120K)
 Metaspace       used 20480K, capacity 21198K, committed 21296K, reserved 1069056K
  class space    used 2214K, capacity 2487K, committed 2560K, reserved 1048576K
}
Event: 1.959 GC heap before
{Heap before GC invocations=4 (full 0):
 garbage-first heap   total 258048K, used 44634K [0x0000000704800000, 0x0000000800000000)
  region size 1024K, 37 young (37888K), 5 survivors (5120K)
 Metaspace       used 25979K, capacity 26911K, committed 27136K, reserved 1073152K
  class space    used 2956K, capacity 3317K, committed 3328K, reserved 1048576K
}
Event: 1.964 GC heap after
{Heap after GC invocations=5 (full 0):
 garbage-first heap   total 258048K, used 13254K [0x0000000704800000, 0x0000000800000000)
  region size 1024K, 4 young (4096K), 4 survivors (4096K)
 Metaspace       used 25979K, capacity 26911K, committed 27136K, reserved 1073152K
  class space    used 2956K, capacity 3317K, committed 3328K, reserved 1048576K
}
Event: 2.650 GC heap before
{Heap before GC invocations=5 (full 0):
 garbage-first heap   total 258048K, used 79814K [0x0000000704800000, 0x0000000800000000)
  region size 1024K, 69 young (70656K), 4 survivors (4096K)
 Metaspace       used 31680K, capacity 32699K, committed 32768K, reserved 1077248K
  class space    used 3633K, capacity 4057K, committed 4096K, reserved 1048576K
}
Event: 2.658 GC heap after
{Heap after GC invocations=6 (full 0):
 garbage-first heap   total 310272K, used 15721K [0x0000000704800000, 0x0000000800000000)
  region size 1024K, 6 young (6144K), 6 survivors (6144K)
 Metaspace       used 31680K, capacity 32699K, committed 32768K, reserved 1077248K
  class space    used 3633K, capacity 4057K, committed 4096K, reserved 1048576K
}
Event: 3.136 GC heap before
{Heap before GC invocations=6 (full 0):
 garbage-first heap   total 310272K, used 63849K [0x0000000704800000, 0x0000000800000000)
  region size 1024K, 54 young (55296K), 6 survivors (6144K)
 Metaspace       used 34735K, capacity 35800K, committed 35920K, reserved 1081344K
  class space    used 3987K, capacity 4423K, committed 4480K, reserved 1048576K
}
Event: 3.146 GC heap after
{Heap after GC invocations=7 (full 0):
 garbage-first heap   total 310272K, used 16893K [0x0000000704800000, 0x0000000800000000)
  region size 1024K, 8 young (8192K), 8 survivors (8192K)
 Metaspace       used 34735K, capacity 35800K, committed 35920K, reserved 1081344K
  class space    used 3987K, capacity 4423K, committed 4480K, reserved 1048576K
}

