# JRE version: OpenJDK Runtime Environment Corretto-11.0.25.9.1 (11.0.25+9) (build 11.0.25+9-LTS)
# Java VM: OpenJDK 64-Bit Server VM Corretto-11.0.25.9.1 (11.0.25+9-LTS, mixed mode, tiered, compressed oops, g1 gc, windows-amd64)
Heap:
 garbage-first heap   total 258048K, used 182391K [0x0000000704800000, 0x0000000800000000)
  region size 1024K, 117 young (119808K), 18 survivors (18432K)
 Metaspace       used 46176K, capacity 47454K, committed 47612K, reserved 1091584K
  class space    used 4706K, capacity 5107K, committed 5196K, reserved 1048576K
GC Heap History (20 events):
Event: 2.459 GC heap before
{Heap before GC invocations=0 (full 0):
 garbage-first heap   total 258048K, used 23552K [0x0000000704800000, 0x0000000800000000)
  region size 1024K, 24 young (24576K), 0 survivors (0K)
 Metaspace       used 13457K, capacity 13800K, committed 14080K, reserved 1062912K
  class space    used 1354K, capacity 1452K, committed 1536K, reserved 1048576K
}
Event: 2.466 GC heap after
{Heap after GC invocations=1 (full 0):
 garbage-first heap   total 258048K, used 3568K [0x0000000704800000, 0x0000000800000000)
  region size 1024K, 3 young (3072K), 3 survivors (3072K)
 Metaspace       used 13457K, capacity 13800K, committed 14080K, reserved 1062912K
  class space    used 1354K, capacity 1452K, committed 1536K, reserved 1048576K
}
Event: 7.715 GC heap before
{Heap before GC invocations=1 (full 0):
 garbage-first heap   total 258048K, used 66032K [0x0000000704800000, 0x0000000800000000)
  region size 1024K, 65 young (66560K), 3 survivors (3072K)
 Metaspace       used 20885K, capacity 21237K, committed 21296K, reserved 1069056K
  class space    used 2291K, capacity 2429K, committed 2432K, reserved 1048576K
}
Event: 7.735 GC heap after
{Heap after GC invocations=2 (full 0):
 garbage-first heap   total 258048K, used 6482K [0x0000000704800000, 0x0000000800000000)
  region size 1024K, 6 young (6144K), 6 survivors (6144K)
 Metaspace       used 20885K, capacity 21237K, committed 21296K, reserved 1069056K
  class space    used 2291K, capacity 2429K, committed 2432K, reserved 1048576K
}
Event: 10.589 GC heap before
{Heap before GC invocations=3 (full 0):
 garbage-first heap   total 258048K, used 78162K [0x0000000704800000, 0x0000000800000000)
  region size 1024K, 76 young (77824K), 6 survivors (6144K)
 Metaspace       used 24320K, capacity 24926K, committed 24956K, reserved 1071104K
  class space    used 2598K, capacity 2760K, committed 2764K, reserved 1048576K
}
Event: 10.606 GC heap after
{Heap after GC invocations=4 (full 0):
 garbage-first heap   total 258048K, used 12786K [0x0000000704800000, 0x0000000800000000)
  region size 1024K, 10 young (10240K), 10 survivors (10240K)
 Metaspace       used 24320K, capacity 24926K, committed 24956K, reserved 1071104K
  class space    used 2598K, capacity 2760K, committed 2764K, reserved 1048576K
}
Event: 14.068 GC heap before
{Heap before GC invocations=4 (full 0):
 garbage-first heap   total 258048K, used 103922K [0x0000000704800000, 0x0000000800000000)
  region size 1024K, 99 young (101376K), 10 survivors (10240K)
 Metaspace       used 26526K, capacity 27169K, committed 27260K, reserved 1073152K
  class space    used 2755K, capacity 2949K, committed 3020K, reserved 1048576K
}
Event: 14.082 GC heap after
{Heap after GC invocations=5 (full 0):
 garbage-first heap   total 258048K, used 17047K [0x0000000704800000, 0x0000000800000000)
  region size 1024K, 11 young (11264K), 11 survivors (11264K)
 Metaspace       used 26526K, capacity 27169K, committed 27260K, reserved 1073152K
  class space    used 2755K, capacity 2949K, committed 3020K, reserved 1048576K
}
Event: 17.920 GC heap before
{Heap before GC invocations=5 (full 0):
 garbage-first heap   total 258048K, used 111255K [0x0000000704800000, 0x0000000800000000)
  region size 1024K, 102 young (104448K), 11 survivors (11264K)
 Metaspace       used 35088K, capacity 35833K, committed 35964K, reserved 1081344K
  class space    used 3693K, capacity 3947K, committed 4044K, reserved 1048576K
}
Event: 18.023 GC heap after
{Heap after GC invocations=6 (full 0):
 garbage-first heap   total 258048K, used 38992K [0x0000000704800000, 0x0000000800000000)
  region size 1024K, 19 young (19456K), 19 survivors (19456K)
 Metaspace       used 35088K, capacity 35833K, committed 35964K, reserved 1081344K
  class space    used 3693K, capacity 3947K, committed 4044K, reserved 1048576K
}
Event: 20.635 GC heap before
{Heap before GC invocations=7 (full 0):
 garbage-first heap   total 258048K, used 173136K [0x0000000704800000, 0x0000000800000000)
  region size 1024K, 151 young (154624K), 19 survivors (19456K)
 Metaspace       used 38266K, capacity 39220K, committed 39420K, reserved 1085440K
  class space    used 3993K, capacity 4307K, committed 4428K, reserved 1048576K
}
Event: 20.662 GC heap after
{Heap after GC invocations=8 (full 0):
 garbage-first heap   total 258048K, used 52176K [0x0000000704800000, 0x0000000800000000)
  region size 1024K, 12 young (12288K), 12 survivors (12288K)
 Metaspace       used 38266K, capacity 39220K, committed 39420K, reserved 1085440K
  class space    used 3993K, capacity 4307K, committed 4428K, reserved 1048576K
}
Event: 21.155 GC heap before
{Heap before GC invocations=8 (full 0):
 garbage-first heap   total 258048K, used 175056K [0x0000000704800000, 0x0000000800000000)
  region size 1024K, 132 young (135168K), 12 survivors (12288K)
 Metaspace       used 38590K, capacity 39530K, committed 39676K, reserved 1085440K
  class space    used 4002K, capacity 4313K, committed 4428K, reserved 1048576K
}
Event: 21.179 GC heap after
{Heap after GC invocations=9 (full 0):
 garbage-first heap   total 258048K, used 56503K [0x0000000704800000, 0x0000000800000000)
  region size 1024K, 4 young (4096K), 4 survivors (4096K)
 Metaspace       used 38590K, capacity 39530K, committed 39676K, reserved 1085440K
  class space    used 4002K, capacity 4313K, committed 4428K, reserved 1048576K
}
Event: 21.803 GC heap before
{Heap before GC invocations=9 (full 0):
 garbage-first heap   total 258048K, used 183479K [0x0000000704800000, 0x0000000800000000)
  region size 1024K, 128 young (131072K), 4 survivors (4096K)
 Metaspace       used 38732K, capacity 39666K, committed 39932K, reserved 1085440K
  class space    used 4004K, capacity 4315K, committed 4428K, reserved 1048576K
}
Event: 21.812 GC heap after
{Heap after GC invocations=10 (full 0):
 garbage-first heap   total 258048K, used 58819K [0x0000000704800000, 0x0000000800000000)
  region size 1024K, 6 young (6144K), 6 survivors (6144K)
 Metaspace       used 38732K, capacity 39666K, committed 39932K, reserved 1085440K
  class space    used 4004K, capacity 4315K, committed 4428K, reserved 1048576K
}
Event: 22.722 GC heap before
{Heap before GC invocations=10 (full 0):
 garbage-first heap   total 258048K, used 191939K [0x0000000704800000, 0x0000000800000000)
  region size 1024K, 136 young (139264K), 6 survivors (6144K)
 Metaspace       used 39742K, capacity 40687K, committed 40828K, reserved 1085440K
  class space    used 4097K, capacity 4437K, committed 4556K, reserved 1048576K
}
Event: 22.732 GC heap after
{Heap after GC invocations=11 (full 0):
 garbage-first heap   total 258048K, used 59345K [0x0000000704800000, 0x0000000800000000)
  region size 1024K, 7 young (7168K), 7 survivors (7168K)
 Metaspace       used 39742K, capacity 40687K, committed 40828K, reserved 1085440K
  class space    used 4097K, capacity 4437K, committed 4556K, reserved 1048576K
}
Event: 26.764 GC heap before
{Heap before GC invocations=11 (full 0):
 garbage-first heap   total 258048K, used 196561K [0x0000000704800000, 0x0000000800000000)
  region size 1024K, 140 young (143360K), 7 survivors (7168K)
 Metaspace       used 41404K, capacity 42432K, committed 42748K, reserved 1087488K
  class space    used 4211K, capacity 4565K, committed 4684K, reserved 1048576K
}
Event: 26.781 GC heap after
{Heap after GC invocations=12 (full 0):
 garbage-first heap   total 258048K, used 83063K [0x0000000704800000, 0x0000000800000000)
  region size 1024K, 18 young (18432K), 18 survivors (18432K)
 Metaspace       used 41404K, capacity 42432K, committed 42748K, reserved 1087488K
  class space    used 4211K, capacity 4565K, committed 4684K, reserved 1048576K
}

