# JRE version: OpenJDK Runtime Environment Corretto-11.0.25.9.1 (11.0.25+9) (build 11.0.25+9-LTS)
# Java VM: OpenJDK 64-Bit Server VM Corretto-11.0.25.9.1 (11.0.25+9-LTS, mixed mode, tiered, compressed oops, g1 gc, windows-amd64)
Heap:
 garbage-first heap   total 310272K, used 83855K [0x0000000704800000, 0x0000000800000000)
  region size 1024K, 74 young (75776K), 8 survivors (8192K)
 Metaspace       used 41279K, capacity 42439K, committed 42752K, reserved 1087488K
  class space    used 4768K, capacity 5251K, committed 5376K, reserved 1048576K
GC Heap History (10 events):
Event: 0.701 GC heap before
{Heap before GC invocations=0 (full 0):
 garbage-first heap   total 258048K, used 24576K [0x0000000704800000, 0x0000000800000000)
  region size 1024K, 24 young (24576K), 0 survivors (0K)
 Metaspace       used 11065K, capacity 11365K, committed 11648K, reserved 1060864K
  class space    used 1029K, capacity 1113K, committed 1152K, reserved 1048576K
}
Event: 0.708 GC heap after
{Heap after GC invocations=1 (full 0):
 garbage-first heap   total 258048K, used 10047K [0x0000000704800000, 0x0000000800000000)
  region size 1024K, 3 young (3072K), 3 survivors (3072K)
 Metaspace       used 11065K, capacity 11365K, committed 11648K, reserved 1060864K
  class space    used 1029K, capacity 1113K, committed 1152K, reserved 1048576K
}
Event: 1.525 GC heap before
{Heap before GC invocations=1 (full 0):
 garbage-first heap   total 258048K, used 48959K [0x0000000704800000, 0x0000000800000000)
  region size 1024K, 41 young (41984K), 3 survivors (3072K)
 Metaspace       used 17318K, capacity 17964K, committed 18176K, reserved 1064960K
  class space    used 1810K, capacity 2045K, committed 2048K, reserved 1048576K
}
Event: 1.530 GC heap after
{Heap after GC invocations=2 (full 0):
 garbage-first heap   total 258048K, used 11142K [0x0000000704800000, 0x0000000800000000)
  region size 1024K, 5 young (5120K), 5 survivors (5120K)
 Metaspace       used 17318K, capacity 17964K, committed 18176K, reserved 1064960K
  class space    used 1810K, capacity 2045K, committed 2048K, reserved 1048576K
}
Event: 1.976 GC heap before
{Heap before GC invocations=2 (full 0):
 garbage-first heap   total 258048K, used 30598K [0x0000000704800000, 0x0000000800000000)
  region size 1024K, 25 young (25600K), 5 survivors (5120K)
 Metaspace       used 20449K, capacity 21153K, committed 21248K, reserved 1069056K
  class space    used 2203K, capacity 2470K, committed 2560K, reserved 1048576K
}
Event: 1.981 GC heap after
{Heap after GC invocations=3 (full 0):
 garbage-first heap   total 258048K, used 12093K [0x0000000704800000, 0x0000000800000000)
  region size 1024K, 3 young (3072K), 3 survivors (3072K)
 Metaspace       used 20449K, capacity 21153K, committed 21248K, reserved 1069056K
  class space    used 2203K, capacity 2470K, committed 2560K, reserved 1048576K
}
Event: 3.235 GC heap before
{Heap before GC invocations=4 (full 0):
 garbage-first heap   total 258048K, used 71485K [0x0000000704800000, 0x0000000800000000)
  region size 1024K, 62 young (63488K), 3 survivors (3072K)
 Metaspace       used 29639K, capacity 30634K, committed 30720K, reserved 1077248K
  class space    used 3413K, capacity 3812K, committed 3840K, reserved 1048576K
}
Event: 3.242 GC heap after
{Heap after GC invocations=5 (full 0):
 garbage-first heap   total 258048K, used 14256K [0x0000000704800000, 0x0000000800000000)
  region size 1024K, 5 young (5120K), 5 survivors (5120K)
 Metaspace       used 29639K, capacity 30634K, committed 30720K, reserved 1077248K
  class space    used 3413K, capacity 3812K, committed 3840K, reserved 1048576K
}
Event: 5.485 GC heap before
{Heap before GC invocations=5 (full 0):
 garbage-first heap   total 258048K, used 104368K [0x0000000704800000, 0x0000000800000000)
  region size 1024K, 94 young (96256K), 5 survivors (5120K)
 Metaspace       used 34711K, capacity 35706K, committed 35840K, reserved 1081344K
  class space    used 3978K, capacity 4391K, committed 4480K, reserved 1048576K
}
Event: 5.510 GC heap after
{Heap after GC invocations=6 (full 0):
 garbage-first heap   total 310272K, used 17295K [0x0000000704800000, 0x0000000800000000)
  region size 1024K, 8 young (8192K), 8 survivors (8192K)
 Metaspace       used 34711K, capacity 35706K, committed 35840K, reserved 1081344K
  class space    used 3978K, capacity 4391K, committed 4480K, reserved 1048576K
}

